<?xml version="1.0" encoding="UTF-8"?>
<testng-results ignored="0" total="1" passed="1" failed="0" skipped="0">
  <reporter-output>
  </reporter-output>
  <suite started-at="2021-02-22T13:27:14 SAST" name="Default suite" finished-at="2021-02-22T13:27:19 SAST" duration-ms="4964">
    <groups>
    </groups>
    <test started-at="2021-02-22T13:27:14 SAST" name="Default test" finished-at="2021-02-22T13:27:19 SAST" duration-ms="4964">
      <class name="XYZRest_API.POSTUser">
        <test-method signature="TestThree()[pri:0, instance:XYZRest_API.POSTUser@7a419da4]" started-at="2021-02-22T13:27:14 SAST" name="TestThree" finished-at="2021-02-22T13:27:19 SAST" duration-ms="4858" status="PASS">
          <reporter-output>
          </reporter-output>
        </test-method> <!-- TestThree -->
      </class> <!-- XYZRest_API.POSTUser -->
    </test> <!-- Default test -->
  </suite> <!-- Default suite -->
</testng-results>
