<?xml version="1.0" encoding="UTF-8"?>
<testng-results ignored="0" total="1" passed="1" failed="0" skipped="0">
  <reporter-output>
  </reporter-output>
  <suite started-at="2021-03-16T04:33:58 SAST" name="Default suite" finished-at="2021-03-16T04:34:06 SAST" duration-ms="8204">
    <groups>
    </groups>
    <test started-at="2021-03-16T04:33:58 SAST" name="Default test" finished-at="2021-03-16T04:34:06 SAST" duration-ms="8204">
      <class name="Rest.Test_Case">
        <test-method signature="TestTwo()[pri:0, instance:Rest.Test_Case@2053d869]" started-at="2021-03-16T04:33:58 SAST" name="TestTwo" finished-at="2021-03-16T04:34:06 SAST" duration-ms="8052" status="PASS">
          <reporter-output>
          </reporter-output>
        </test-method> <!-- TestTwo -->
      </class> <!-- Rest.Test_Case -->
    </test> <!-- Default test -->
  </suite> <!-- Default suite -->
</testng-results>
